[debug] [2020-05-10T01:23:47.527Z] ----------------------------------------------------------------------
[debug] [2020-05-10T01:23:47.530Z] Command:       /home/ridashoaib/.nvm/versions/node/v12.16.2/bin/node /home/ridashoaib/.nvm/versions/node/v12.16.2/bin/firebase init
[debug] [2020-05-10T01:23:47.530Z] CLI Version:   8.0.3
[debug] [2020-05-10T01:23:47.531Z] Platform:      linux
[debug] [2020-05-10T01:23:47.531Z] Node Version:  v12.16.2
[debug] [2020-05-10T01:23:47.531Z] Time:          Sat May 09 2020 21:23:47 GMT-0400 (Eastern Daylight Time)
[debug] [2020-05-10T01:23:47.532Z] ----------------------------------------------------------------------
[debug] [2020-05-10T01:23:47.532Z] 
[debug] [2020-05-10T01:23:47.538Z] > command requires scopes: ["email","openid","https://www.googleapis.com/auth/cloudplatformprojects.readonly","https://www.googleapis.com/auth/firebase","https://www.googleapis.com/auth/cloud-platform"]
[debug] [2020-05-10T01:23:47.539Z] > authorizing via signed-in user
[info] 
     ######## #### ########  ######## ########     ###     ######  ########
     ##        ##  ##     ## ##       ##     ##  ##   ##  ##       ##
     ######    ##  ########  ######   ########  #########  ######  ######
     ##        ##  ##    ##  ##       ##     ## ##     ##       ## ##
     ##       #### ##     ## ######## ########  ##     ##  ######  ########

You're about to initialize a Firebase project in this directory:

  /home/ridashoaib/Desktop/Cyber security

[info] 
=== Project Setup
[info] 
[info] First, let's associate this project directory with a Firebase project.
[info] You can create multiple project aliases by running firebase use --add, 
[info] but for now we'll just set up a default project.
[info] 
[debug] [2020-05-10T01:23:53.390Z] >>> HTTP REQUEST GET https://firebase.googleapis.com/v1beta1/projects?pageSize=100  
 
[debug] [2020-05-10T01:23:53.994Z] <<< HTTP RESPONSE 200 {"content-type":"application/json; charset=UTF-8","vary":"X-Origin, Referer, Origin,Accept-Encoding","date":"Sat, 09 May 2020 16:24:11 GMT","server":"ESF","cache-control":"private","x-xss-protection":"0","x-frame-options":"SAMEORIGIN","x-content-type-options":"nosniff","alt-svc":"h3-27=\":443\"; ma=2592000,h3-25=\":443\"; ma=2592000,h3-Q050=\":443\"; ma=2592000,h3-Q049=\":443\"; ma=2592000,h3-Q048=\":443\"; ma=2592000,h3-Q046=\":443\"; ma=2592000,h3-Q043=\":443\"; ma=2592000,quic=\":443\"; ma=2592000; v=\"46,43\"","accept-ranges":"none","transfer-encoding":"chunked"}
[debug] [2020-05-10T01:24:02.463Z] TypeError: Cannot read property 'setRawMode' of null
    at ReadStream.setRawMode (tty.js:75:28)
    at Interface._setRawMode (readline.js:283:16)
    at Interface.close (readline.js:406:10)
    at ReadStream.ontermend (readline.js:194:10)
    at ReadStream.emit (events.js:322:22)
    at ReadStream.EventEmitter.emit (domain.js:482:12)
    at endReadableNT (_stream_readable.js:1187:12)
    at processTicksAndRejections (internal/process/task_queues.js:84:21)
[debug] [2020-05-10T01:25:53.728Z] ----------------------------------------------------------------------
[debug] [2020-05-10T01:25:53.730Z] Command:       /home/ridashoaib/.nvm/versions/node/v12.16.2/bin/node /home/ridashoaib/.nvm/versions/node/v12.16.2/bin/firebase init
[debug] [2020-05-10T01:25:53.731Z] CLI Version:   8.0.3
[debug] [2020-05-10T01:25:53.731Z] Platform:      linux
[debug] [2020-05-10T01:25:53.731Z] Node Version:  v12.16.2
[debug] [2020-05-10T01:25:53.732Z] Time:          Sat May 09 2020 21:25:53 GMT-0400 (Eastern Daylight Time)
[debug] [2020-05-10T01:25:53.732Z] ----------------------------------------------------------------------
[debug] [2020-05-10T01:25:53.732Z] 
[debug] [2020-05-10T01:25:53.738Z] > command requires scopes: ["email","openid","https://www.googleapis.com/auth/cloudplatformprojects.readonly","https://www.googleapis.com/auth/firebase","https://www.googleapis.com/auth/cloud-platform"]
[debug] [2020-05-10T01:25:53.739Z] > authorizing via signed-in user
[info] 
     ######## #### ########  ######## ########     ###     ######  ########
     ##        ##  ##     ## ##       ##     ##  ##   ##  ##       ##
     ######    ##  ########  ######   ########  #########  ######  ######
     ##        ##  ##    ##  ##       ##     ## ##     ##       ## ##
     ##       #### ##     ## ######## ########  ##     ##  ######  ########

You're about to initialize a Firebase project in this directory:

  /home/ridashoaib/Desktop/Cyber security

[info] 
=== Project Setup
[info] 
[info] First, let's associate this project directory with a Firebase project.
[info] You can create multiple project aliases by running firebase use --add, 
[info] but for now we'll just set up a default project.
[info] 
[debug] [2020-05-10T01:25:59.760Z] >>> HTTP REQUEST GET https://firebase.googleapis.com/v1beta1/projects?pageSize=100  
 
[debug] [2020-05-10T01:26:00.369Z] <<< HTTP RESPONSE 200 {"content-type":"application/json; charset=UTF-8","vary":"X-Origin, Referer, Origin,Accept-Encoding","date":"Sat, 09 May 2020 16:26:17 GMT","server":"ESF","cache-control":"private","x-xss-protection":"0","x-frame-options":"SAMEORIGIN","x-content-type-options":"nosniff","alt-svc":"h3-27=\":443\"; ma=2592000,h3-25=\":443\"; ma=2592000,h3-Q050=\":443\"; ma=2592000,h3-Q049=\":443\"; ma=2592000,h3-Q048=\":443\"; ma=2592000,h3-Q046=\":443\"; ma=2592000,h3-Q043=\":443\"; ma=2592000,quic=\":443\"; ma=2592000; v=\"46,43\"","accept-ranges":"none","transfer-encoding":"chunked"}
[debug] [2020-05-10T01:26:10.744Z] TypeError: Cannot read property 'setRawMode' of null
    at ReadStream.setRawMode (tty.js:75:28)
    at Interface._setRawMode (readline.js:283:16)
    at Interface.close (readline.js:406:10)
    at ReadStream.ontermend (readline.js:194:10)
    at ReadStream.emit (events.js:322:22)
    at ReadStream.EventEmitter.emit (domain.js:482:12)
    at endReadableNT (_stream_readable.js:1187:12)
    at processTicksAndRejections (internal/process/task_queues.js:84:21)
[debug] [2020-05-10T01:26:20.191Z] ----------------------------------------------------------------------
[debug] [2020-05-10T01:26:20.194Z] Command:       /home/ridashoaib/.nvm/versions/node/v12.16.2/bin/node /home/ridashoaib/.nvm/versions/node/v12.16.2/bin/firebase init
[debug] [2020-05-10T01:26:20.194Z] CLI Version:   8.0.3
[debug] [2020-05-10T01:26:20.194Z] Platform:      linux
[debug] [2020-05-10T01:26:20.194Z] Node Version:  v12.16.2
[debug] [2020-05-10T01:26:20.195Z] Time:          Sat May 09 2020 21:26:20 GMT-0400 (Eastern Daylight Time)
[debug] [2020-05-10T01:26:20.195Z] ----------------------------------------------------------------------
[debug] [2020-05-10T01:26:20.195Z] 
[debug] [2020-05-10T01:26:20.202Z] > command requires scopes: ["email","openid","https://www.googleapis.com/auth/cloudplatformprojects.readonly","https://www.googleapis.com/auth/firebase","https://www.googleapis.com/auth/cloud-platform"]
[debug] [2020-05-10T01:26:20.202Z] > authorizing via signed-in user
[info] 
     ######## #### ########  ######## ########     ###     ######  ########
     ##        ##  ##     ## ##       ##     ##  ##   ##  ##       ##
     ######    ##  ########  ######   ########  #########  ######  ######
     ##        ##  ##    ##  ##       ##     ## ##     ##       ## ##
     ##       #### ##     ## ######## ########  ##     ##  ######  ########

You're about to initialize a Firebase project in this directory:

  /home/ridashoaib/Desktop/Cyber security

[info] 
=== Project Setup
[info] 
[info] First, let's associate this project directory with a Firebase project.
[info] You can create multiple project aliases by running firebase use --add, 
[info] but for now we'll just set up a default project.
[info] 
[info] i  If you want to create a project in a Google Cloud organization or folder, please use "firebase projects:create" instead, and return to this command when you've created the project.
[debug] [2020-05-10T01:26:41.831Z] >>> HTTP REQUEST POST https://cloudresourcemanager.googleapis.com/v1/projects  
 {"projectId":"123456","name":"no"}
[debug] [2020-05-10T01:26:42.006Z] Server Error. getaddrinfo ENOTFOUND cloudresourcemanager.googleapis.com
[debug] [2020-05-10T01:26:42.682Z] FirebaseError: Server Error. getaddrinfo ENOTFOUND cloudresourcemanager.googleapis.com
    at Request._callback (/home/ridashoaib/.nvm/versions/node/v12.16.2/lib/node_modules/firebase-tools/lib/api.js:32:31)
    at self.callback (/home/ridashoaib/.nvm/versions/node/v12.16.2/lib/node_modules/firebase-tools/node_modules/request/request.js:185:22)
    at Request.emit (events.js:310:20)
    at Request.EventEmitter.emit (domain.js:482:12)
    at Request.onRequestError (/home/ridashoaib/.nvm/versions/node/v12.16.2/lib/node_modules/firebase-tools/node_modules/request/request.js:877:8)
    at ClientRequest.emit (events.js:322:22)
    at ClientRequest.EventEmitter.emit (domain.js:482:12)
    at TLSSocket.socketErrorListener (_http_client.js:426:9)
    at TLSSocket.emit (events.js:310:20)
    at TLSSocket.EventEmitter.emit (domain.js:482:12)
    at emitErrorNT (internal/streams/destroy.js:92:8)
    at emitErrorAndCloseNT (internal/streams/destroy.js:60:3)
    at processTicksAndRejections (internal/process/task_queues.js:84:21)
[error] 
[error] Error: Failed to create Google Cloud project. See firebase-debug.log for more info.
[debug] [2020-05-10T01:28:03.517Z] ----------------------------------------------------------------------
[debug] [2020-05-10T01:28:03.519Z] Command:       /home/ridashoaib/.nvm/versions/node/v12.16.2/bin/node /home/ridashoaib/.nvm/versions/node/v12.16.2/bin/firebase init
[debug] [2020-05-10T01:28:03.520Z] CLI Version:   8.0.3
[debug] [2020-05-10T01:28:03.520Z] Platform:      linux
[debug] [2020-05-10T01:28:03.520Z] Node Version:  v12.16.2
[debug] [2020-05-10T01:28:03.521Z] Time:          Sat May 09 2020 21:28:03 GMT-0400 (Eastern Daylight Time)
[debug] [2020-05-10T01:28:03.521Z] ----------------------------------------------------------------------
[debug] [2020-05-10T01:28:03.521Z] 
[debug] [2020-05-10T01:28:03.528Z] > command requires scopes: ["email","openid","https://www.googleapis.com/auth/cloudplatformprojects.readonly","https://www.googleapis.com/auth/firebase","https://www.googleapis.com/auth/cloud-platform"]
[debug] [2020-05-10T01:28:03.528Z] > authorizing via signed-in user
[info] 
     ######## #### ########  ######## ########     ###     ######  ########
     ##        ##  ##     ## ##       ##     ##  ##   ##  ##       ##
     ######    ##  ########  ######   ########  #########  ######  ######
     ##        ##  ##    ##  ##       ##     ## ##     ##       ## ##
     ##       #### ##     ## ######## ########  ##     ##  ######  ########

You're about to initialize a Firebase project in this directory:

  /home/ridashoaib/Desktop/Cyber security

[info] 
=== Project Setup
[info] 
[info] First, let's associate this project directory with a Firebase project.
[info] You can create multiple project aliases by running firebase use --add, 
[info] but for now we'll just set up a default project.
[info] 
[debug] [2020-05-10T01:28:09.430Z] >>> HTTP REQUEST GET https://firebase.googleapis.com/v1beta1/projects?pageSize=100  
 
[debug] [2020-05-10T01:28:10.386Z] Server Error. getaddrinfo ENOTFOUND firebase.googleapis.com
[debug] [2020-05-10T01:28:10.853Z] FirebaseError: Server Error. getaddrinfo ENOTFOUND firebase.googleapis.com
    at Request._callback (/home/ridashoaib/.nvm/versions/node/v12.16.2/lib/node_modules/firebase-tools/lib/api.js:32:31)
    at self.callback (/home/ridashoaib/.nvm/versions/node/v12.16.2/lib/node_modules/firebase-tools/node_modules/request/request.js:185:22)
    at Request.emit (events.js:310:20)
    at Request.EventEmitter.emit (domain.js:482:12)
    at Request.onRequestError (/home/ridashoaib/.nvm/versions/node/v12.16.2/lib/node_modules/firebase-tools/node_modules/request/request.js:877:8)
    at ClientRequest.emit (events.js:322:22)
    at ClientRequest.EventEmitter.emit (domain.js:482:12)
    at TLSSocket.socketErrorListener (_http_client.js:426:9)
    at TLSSocket.emit (events.js:310:20)
    at TLSSocket.EventEmitter.emit (domain.js:482:12)
    at emitErrorNT (internal/streams/destroy.js:92:8)
    at emitErrorAndCloseNT (internal/streams/destroy.js:60:3)
    at processTicksAndRejections (internal/process/task_queues.js:84:21)
[error] 
[error] Error: Failed to list Firebase projects. See firebase-debug.log for more info.
[debug] [2020-05-10T01:29:39.019Z] ----------------------------------------------------------------------
[debug] [2020-05-10T01:29:39.022Z] Command:       /home/ridashoaib/.nvm/versions/node/v12.16.2/bin/node /home/ridashoaib/.nvm/versions/node/v12.16.2/bin/firebase init
[debug] [2020-05-10T01:29:39.023Z] CLI Version:   8.0.3
[debug] [2020-05-10T01:29:39.023Z] Platform:      linux
[debug] [2020-05-10T01:29:39.023Z] Node Version:  v12.16.2
[debug] [2020-05-10T01:29:39.023Z] Time:          Sat May 09 2020 21:29:39 GMT-0400 (Eastern Daylight Time)
[debug] [2020-05-10T01:29:39.024Z] ----------------------------------------------------------------------
[debug] [2020-05-10T01:29:39.024Z] 
[debug] [2020-05-10T01:29:39.030Z] > command requires scopes: ["email","openid","https://www.googleapis.com/auth/cloudplatformprojects.readonly","https://www.googleapis.com/auth/firebase","https://www.googleapis.com/auth/cloud-platform"]
[debug] [2020-05-10T01:29:39.031Z] > authorizing via signed-in user
[info] 
     ######## #### ########  ######## ########     ###     ######  ########
     ##        ##  ##     ## ##       ##     ##  ##   ##  ##       ##
     ######    ##  ########  ######   ########  #########  ######  ######
     ##        ##  ##    ##  ##       ##     ## ##     ##       ## ##
     ##       #### ##     ## ######## ########  ##     ##  ######  ########

You're about to initialize a Firebase project in this directory:

  /home/ridashoaib/Desktop/Cyber security

[info] 
=== Project Setup
[info] 
[info] First, let's associate this project directory with a Firebase project.
[info] You can create multiple project aliases by running firebase use --add, 
[info] but for now we'll just set up a default project.
[info] 
[debug] [2020-05-10T01:29:44.173Z] >>> HTTP REQUEST GET https://firebase.googleapis.com/v1beta1/projects?pageSize=100  
 
[debug] [2020-05-10T01:29:44.829Z] <<< HTTP RESPONSE 200 {"content-type":"application/json; charset=UTF-8","vary":"X-Origin, Referer, Origin,Accept-Encoding","date":"Sat, 09 May 2020 16:30:01 GMT","server":"ESF","cache-control":"private","x-xss-protection":"0","x-frame-options":"SAMEORIGIN","x-content-type-options":"nosniff","alt-svc":"h3-27=\":443\"; ma=2592000,h3-25=\":443\"; ma=2592000,h3-Q050=\":443\"; ma=2592000,h3-Q049=\":443\"; ma=2592000,h3-Q048=\":443\"; ma=2592000,h3-Q046=\":443\"; ma=2592000,h3-Q043=\":443\"; ma=2592000,quic=\":443\"; ma=2592000; v=\"46,43\"","accept-ranges":"none","transfer-encoding":"chunked"}
[debug] [2020-05-10T01:29:55.289Z] TypeError: Cannot read property 'setRawMode' of null
    at ReadStream.setRawMode (tty.js:75:28)
    at Interface._setRawMode (readline.js:283:16)
    at Interface.close (readline.js:406:10)
    at ReadStream.ontermend (readline.js:194:10)
    at ReadStream.emit (events.js:322:22)
    at ReadStream.EventEmitter.emit (domain.js:482:12)
    at endReadableNT (_stream_readable.js:1187:12)
    at processTicksAndRejections (internal/process/task_queues.js:84:21)
